2020-04-12 18:16:45 ERROR Properties::load open file failed .\reaper.cfg
2020-04-12 18:16:45 INFO Configuration::parseApplicationInfo IE setting will be initialized in async
2020-04-12 18:16:45 INFO System::getMacAddressNew adapter: name=Realtek PCIe GbE Family Controller, mac=f875a4143647, ifType=6
2020-04-12 18:16:45 ERROR Failed to initialize COM libraray. Error code = 0x80010106
2020-04-12 18:16:45 ERROR Failed to initialize COM libraray. Error code = 0x80010106
2020-04-12 18:16:45 INFO TaskExecutor::init thread 1 threadId=[10168]
2020-04-12 18:16:45 INFO TaskExecutor::init succeed. size=1
2020-04-12 18:16:45 INFO TaskExecutor::init thread 1 threadId=[16080]
2020-04-12 18:16:45 DEBUG TaskExecutor::_threadFunc[10168] enter
2020-04-12 18:16:45 INFO TaskExecutor::init succeed. size=1
2020-04-12 18:16:45 DEBUG TaskExecutor::_threadFunc[16080] enter
2020-04-12 18:16:45 INFO Configuration::asyncIESetting null proxy url
2020-04-12 18:16:45 INFO AnalyticsTracker::trackInitial sdkVersion=10.1.34, isInit2=0
2020-04-12 18:16:45 DEBUG await [10168] 4
2020-04-12 18:16:45 WARN ConfigurationUpdateTask::check server post url is null.
2020-04-12 18:16:45 INFO FileStorage::open file .\log\lenovo_reaper.db7 created
2020-04-12 18:16:45 INFO FileStorage::open file .\log\lenovo_reaper.db7 open succeed
2020-04-12 18:16:45 DEBUG FileStorage::readRecord read 0 characters
2020-04-12 18:16:45 INFO FileEventDaoImpl::activeSession DB init
2020-04-12 18:16:45 DEBUG FileStorage::position failed offset=0, tellg=-1, tellp=-1
2020-04-12 18:16:45 DEBUG FileStorage::position again offset=0, tellg=0, tellp=0
2020-04-12 18:16:45 DEBUG FileStorage::writeRecord write 70 characters
2020-04-12 18:16:45 DEBUG await [16080] 4
2020-04-12 18:16:45 WARN ConfigurationUpdateTask::check server post url is null.
2020-04-12 18:16:45 DEBUG FileStorage::writeRecord write 107 characters
2020-04-12 18:16:45 DEBUG FileStorage::writeRecord write 70 characters
2020-04-12 18:16:45 DEBUG await [16080] 1
2020-04-12 18:16:45 DEBUG FileStorage::writeRecord write 210 characters
2020-04-12 18:16:45 DEBUG FileStorage::writeRecord write 70 characters
2020-04-12 18:16:45 DEBUG await [10168] 0
2020-04-12 18:16:45 DEBUG FileStorage::readRecord read 4096 characters
2020-04-12 18:16:45 DEBUG FileStorage::readRecord read 209 characters
2020-04-12 18:16:45 DEBUG HttpRequestHandler::postEvents enter listSize=2
2020-04-12 18:16:45 INFO AnalyticsTracker::sendEvents no reported event.
2020-04-12 18:16:45 WARN ConfigurationUpdateTask::check server post url is null.
2020-04-12 18:16:45 DEBUG FileStorage::position failed offset=4096, tellg=-1, tellp=-1
2020-04-12 18:16:45 DEBUG FileStorage::position again offset=4096, tellg=4096, tellp=4096
2020-04-12 18:16:45 DEBUG FileStorage::readRecord read 4096 characters
2020-04-12 18:16:45 DEBUG FileStorage::readRecord read 209 characters
2020-04-12 18:16:45 DEBUG HttpRequestHandler::postEvents enter listSize=2
2020-04-12 18:16:45 INFO AnalyticsTracker::sendEvents no reported event.
2020-04-12 18:16:45 DEBUG await [16080] 0
2020-04-12 18:17:01 INFO AnalyticsTracker::syncExit enter
2020-04-12 18:17:01 DEBUG FileStorage::position failed offset=12288, tellg=-1, tellp=-1
2020-04-12 18:17:01 DEBUG FileStorage::position again offset=12288, tellg=12288, tellp=12288
2020-04-12 18:17:01 DEBUG FileStorage::writeRecord write 172 characters
2020-04-12 18:17:01 DEBUG FileStorage::writeRecord write 70 characters
2020-04-12 18:17:01 INFO AnalyticsTracker::syncExit returned after 0 ms
2020-04-12 18:17:01 DEBUG TaskExecutor::notifyAllAndWait WaitForMultipleObjects returned
2020-04-12 18:17:01 INFO TaskExecutor::notifyAllAndWait finished
2020-04-12 18:17:01 DEBUG TaskExecutor::notifyAllAndWait WaitForMultipleObjects returned
2020-04-12 18:17:01 INFO TaskExecutor::notifyAllAndWait finished
2020-04-12 18:17:01 INFO AnalyticsTracker::~AnalyticsTracker finished
2020-04-12 18:17:01 INFO TaskExecutor::~TaskExecutor finished
2020-04-12 18:17:01 INFO TaskExecutor::~TaskExecutor finished
